0 info it worked if it ends with ok
1 verbose cli [ 'node', '/usr/local/bin/npm', 'install', '-g', 'ios-sim' ]
2 info using npm@1.4.8
3 info using node@v0.10.27
4 verbose cache add [ 'ios-sim', null ]
5 verbose cache add name=undefined spec="ios-sim" args=["ios-sim",null]
6 verbose parsed url { protocol: null,
6 verbose parsed url   slashes: null,
6 verbose parsed url   auth: null,
6 verbose parsed url   host: null,
6 verbose parsed url   port: null,
6 verbose parsed url   hostname: null,
6 verbose parsed url   hash: null,
6 verbose parsed url   search: null,
6 verbose parsed url   query: null,
6 verbose parsed url   pathname: 'ios-sim',
6 verbose parsed url   path: 'ios-sim',
6 verbose parsed url   href: 'ios-sim' }
7 silly lockFile 6af69284-ios-sim ios-sim
8 verbose lock ios-sim /Users/bachelor3/.npm/6af69284-ios-sim.lock
9 silly lockFile 6af69284-ios-sim ios-sim
10 silly lockFile 6af69284-ios-sim ios-sim
11 verbose addNamed [ 'ios-sim', '' ]
12 verbose addNamed [ null, '*' ]
13 silly lockFile 03dce7cc-ios-sim ios-sim@
14 verbose lock ios-sim@ /Users/bachelor3/.npm/03dce7cc-ios-sim.lock
15 silly addNameRange { name: 'ios-sim', range: '*', hasData: false }
16 verbose url raw ios-sim
17 verbose url resolving [ 'https://registry.npmjs.org/', './ios-sim' ]
18 verbose url resolved https://registry.npmjs.org/ios-sim
19 info trying registry request attempt 1 at 11:47:49
20 http GET https://registry.npmjs.org/ios-sim
21 http 200 https://registry.npmjs.org/ios-sim
22 silly registry.get cb [ 200,
22 silly registry.get   { date: 'Fri, 02 May 2014 09:47:50 GMT',
22 silly registry.get     server: 'CouchDB/1.5.0 (Erlang OTP/R14B04)',
22 silly registry.get     etag: '"AIKWWYLP5VCNNLS36XZAE1LIE"',
22 silly registry.get     'content-type': 'application/json',
22 silly registry.get     via: '1.1 varnish',
22 silly registry.get     'cache-control': 'max-age=1',
22 silly registry.get     'content-length': '6518',
22 silly registry.get     'accept-ranges': 'bytes',
22 silly registry.get     age: '14274',
22 silly registry.get     'x-served-by': 'cache-v43-ASH, cache-fra1231-FRA',
22 silly registry.get     'x-cache': 'MISS, MISS',
22 silly registry.get     'x-cache-hits': '0, 0',
22 silly registry.get     'x-timer': 'S1399009795.988211155,VS0,VS45,VE51,VE14274438',
22 silly registry.get     vary: 'Accept',
22 silly registry.get     'keep-alive': 'timeout=10, max=50',
22 silly registry.get     connection: 'Keep-Alive' } ]
23 silly addNameRange number 2 { name: 'ios-sim', range: '*', hasData: true }
24 silly addNameRange versions [ 'ios-sim', [ '1.8.0', '1.8.1', '1.8.2', '1.9.0' ] ]
25 verbose addNamed [ 'ios-sim', '1.9.0' ]
26 verbose addNamed [ '1.9.0', '1.9.0' ]
27 silly lockFile 08b821e4-ios-sim-1-9-0 ios-sim@1.9.0
28 verbose lock ios-sim@1.9.0 /Users/bachelor3/.npm/08b821e4-ios-sim-1-9-0.lock
29 silly lockFile ed580e00-js-org-ios-sim-ios-sim-1-9-0-tgz https://registry.npmjs.org/ios-sim/-/ios-sim-1.9.0.tgz
30 verbose lock https://registry.npmjs.org/ios-sim/-/ios-sim-1.9.0.tgz /Users/bachelor3/.npm/ed580e00-js-org-ios-sim-ios-sim-1-9-0-tgz.lock
31 verbose addRemoteTarball [ 'https://registry.npmjs.org/ios-sim/-/ios-sim-1.9.0.tgz',
31 verbose addRemoteTarball   'bedbc80a175960fdb0b5a95c370c81f2ffcb4ca4' ]
32 info retry fetch attempt 1 at 11:47:50
33 verbose fetch to= /var/folders/fh/plhx8jbn7fj673pkd0xgpy8m0000gq/T/npm-2407-42Ryv22z/1399024070444-0.1371075175702572/tmp.tgz
34 http GET https://registry.npmjs.org/ios-sim/-/ios-sim-1.9.0.tgz
35 http 200 https://registry.npmjs.org/ios-sim/-/ios-sim-1.9.0.tgz
36 verbose tar unpack /var/folders/fh/plhx8jbn7fj673pkd0xgpy8m0000gq/T/npm-2407-42Ryv22z/1399024070444-0.1371075175702572/tmp.tgz
37 silly lockFile 41189b4c-helor3-npm-ios-sim-1-9-0-package tar:///Users/bachelor3/.npm/ios-sim/1.9.0/package
38 verbose lock tar:///Users/bachelor3/.npm/ios-sim/1.9.0/package /Users/bachelor3/.npm/41189b4c-helor3-npm-ios-sim-1-9-0-package.lock
39 silly lockFile 7a82864c-70444-0-1371075175702572-tmp-tgz tar:///var/folders/fh/plhx8jbn7fj673pkd0xgpy8m0000gq/T/npm-2407-42Ryv22z/1399024070444-0.1371075175702572/tmp.tgz
40 verbose lock tar:///var/folders/fh/plhx8jbn7fj673pkd0xgpy8m0000gq/T/npm-2407-42Ryv22z/1399024070444-0.1371075175702572/tmp.tgz /Users/bachelor3/.npm/7a82864c-70444-0-1371075175702572-tmp-tgz.lock
41 silly gunzTarPerm modes [ '755', '644' ]
42 silly gunzTarPerm extractEntry package.json
43 silly gunzTarPerm extractEntry .npmignore
44 silly gunzTarPerm extractEntry README.md
45 silly gunzTarPerm extractEntry LICENSE
46 silly gunzTarPerm extractEntry DVTiPhoneSimulatorRemoteClient/DVTiPhoneSimulatorRemoteClient.h
47 silly gunzTarPerm extractEntry README.template.md
48 silly gunzTarPerm extractEntry Rakefile
49 silly gunzTarPerm extractEntry Source/.npmignore
50 silly gunzTarPerm extractEntry Source/NSString+expandPath.h
51 silly gunzTarPerm extractEntry Source/NSString+expandPath.m
52 silly gunzTarPerm extractEntry Source/iPhoneSimulator.h
53 silly gunzTarPerm extractEntry Source/iPhoneSimulator.m
54 silly gunzTarPerm extractEntry Source/main.m
55 silly gunzTarPerm extractEntry Source/nsprintf.h
56 silly gunzTarPerm extractEntry Source/nsprintf.m
57 silly gunzTarPerm extractEntry Source/version.h
58 silly gunzTarPerm extractEntry ios-sim.xcodeproj/.npmignore
59 silly gunzTarPerm extractEntry ios-sim.xcodeproj/project.pbxproj
60 silly gunzTarPerm extractEntry ios-sim.xcodeproj/xcshareddata/xcschemes/ios-sim.xcscheme
61 silly gunzTarPerm extractEntry ios-sim_Prefix.pch
62 silly lockFile 41189b4c-helor3-npm-ios-sim-1-9-0-package tar:///Users/bachelor3/.npm/ios-sim/1.9.0/package
63 silly lockFile 41189b4c-helor3-npm-ios-sim-1-9-0-package tar:///Users/bachelor3/.npm/ios-sim/1.9.0/package
64 silly lockFile 7a82864c-70444-0-1371075175702572-tmp-tgz tar:///var/folders/fh/plhx8jbn7fj673pkd0xgpy8m0000gq/T/npm-2407-42Ryv22z/1399024070444-0.1371075175702572/tmp.tgz
65 silly lockFile 7a82864c-70444-0-1371075175702572-tmp-tgz tar:///var/folders/fh/plhx8jbn7fj673pkd0xgpy8m0000gq/T/npm-2407-42Ryv22z/1399024070444-0.1371075175702572/tmp.tgz
66 silly lockFile ed580e00-js-org-ios-sim-ios-sim-1-9-0-tgz https://registry.npmjs.org/ios-sim/-/ios-sim-1.9.0.tgz
67 silly lockFile ed580e00-js-org-ios-sim-ios-sim-1-9-0-tgz https://registry.npmjs.org/ios-sim/-/ios-sim-1.9.0.tgz
68 silly lockFile 08b821e4-ios-sim-1-9-0 ios-sim@1.9.0
69 silly lockFile 08b821e4-ios-sim-1-9-0 ios-sim@1.9.0
70 silly lockFile 03dce7cc-ios-sim ios-sim@
71 silly lockFile 03dce7cc-ios-sim ios-sim@
72 silly resolved [ { name: 'ios-sim',
72 silly resolved     version: '1.9.0',
72 silly resolved     description: 'launch iOS apps into the iOS Simulator from the command line (Xcode 5.1)',
72 silly resolved     main: 'ios-sim',
72 silly resolved     scripts: { preinstall: 'rake build' },
72 silly resolved     bin: { 'ios-sim': 'build/Release/ios-sim' },
72 silly resolved     repository: { type: 'git', url: 'https://github.com/phonegap/ios-sim' },
72 silly resolved     keywords: [ 'ios-sim', 'iOS Simulator' ],
72 silly resolved     author: { name: 'Landon Fuller, Jeff Haynie, Eloy Duran, Shazron Abdullah' },
72 silly resolved     license: 'MIT',
72 silly resolved     readme: 'ios-sim\n=======\n\nThe ios-sim tool is a command-line utility that launches an iOS application on\nthe iOS Simulator. This allows for niceties such as automated testing without\nhaving to open XCode.\n\nFeatures\n--------\n\n* Choose the device family to simulate, i.e. iPhone or iPad.\n* Setup environment variables.\n* Pass arguments to the application.\n* See the stdout and stderr, or redirect them to files.\n\nSee the `--help` option for more info.\n\nInstallation\n------------\n\nWith node.js (at least 0.10.20):\n\n    $ sudo npm install ios-sim -g\n\nDownload an archive:\n\n    $ curl -L https://github.com/phonegap/ios-sim/zipball/1.8.2 -o ios-sim-1.8.2.zip\n    $ unzip ios-sim-1.8.2.zip\n\nOr from a git clone:\n\n    $ git clone git://github.com/phonegap/ios-sim.git\n\nThen build and install from the source root:\n\n    $ rake install prefix=/usr/local/\n\n\nDevelopment\n-----------\n\nWhen you want to release a version, do:\n\n    $ rake version:bump v=NEW_VERSION\n    $ rake release\n    $ npm version NEW_VERSION -m "Updated to npm version %s"\n    \ntmux\n-----\n\nTo get ios-sim to launch correctly within tmux use the reattach-to-user-namespace wrapper.\n\n```\nreattach-to-user-namespace ios-sim launch ./build/MyTestApp.app\n```\n*source:* https://github.com/ChrisJohnsen/tmux-MacOSX-pasteboard\n\n*brew:*  ```brew install reattach-to-user-namespace```\n\nLicense\n-------\n\nOriginal author: Landon Fuller <landonf@plausiblelabs.com>\nCopyright (c) 2008-2011 Plausible Labs Cooperative, Inc.\nAll rights reserved.\n\nThis project is available under the MIT license. See [LICENSE][license].\n\n[license]: https://github.com/phonegap/ios-sim/blob/master/LICENSE\n',
72 silly resolved     readmeFilename: 'README.md',
72 silly resolved     bugs: { url: 'https://github.com/phonegap/ios-sim/issues' },
72 silly resolved     homepage: 'https://github.com/phonegap/ios-sim',
72 silly resolved     _id: 'ios-sim@1.9.0',
72 silly resolved     _shasum: 'bedbc80a175960fdb0b5a95c370c81f2ffcb4ca4',
72 silly resolved     _from: 'ios-sim@',
72 silly resolved     _resolved: 'https://registry.npmjs.org/ios-sim/-/ios-sim-1.9.0.tgz' } ]
73 info install ios-sim@1.9.0 into /usr/local/lib
74 info installOne ios-sim@1.9.0
75 info /usr/local/lib/node_modules/ios-sim unbuild
76 verbose tar unpack /Users/bachelor3/.npm/ios-sim/1.9.0/package.tgz
77 silly lockFile 5027580f-r-local-lib-node-modules-ios-sim tar:///usr/local/lib/node_modules/ios-sim
78 verbose lock tar:///usr/local/lib/node_modules/ios-sim /Users/bachelor3/.npm/5027580f-r-local-lib-node-modules-ios-sim.lock
79 silly lockFile 2e75d614-r3-npm-ios-sim-1-9-0-package-tgz tar:///Users/bachelor3/.npm/ios-sim/1.9.0/package.tgz
80 verbose lock tar:///Users/bachelor3/.npm/ios-sim/1.9.0/package.tgz /Users/bachelor3/.npm/2e75d614-r3-npm-ios-sim-1-9-0-package-tgz.lock
81 silly gunzTarPerm modes [ '755', '644' ]
82 error Error: EACCES, mkdir '/usr/local/lib/node_modules/ios-sim'
82 error  { [Error: EACCES, mkdir '/usr/local/lib/node_modules/ios-sim']
82 error   errno: 3,
82 error   code: 'EACCES',
82 error   path: '/usr/local/lib/node_modules/ios-sim',
82 error   fstream_type: 'Directory',
82 error   fstream_path: '/usr/local/lib/node_modules/ios-sim',
82 error   fstream_class: 'DirWriter',
82 error   fstream_stack:
82 error    [ '/usr/local/lib/node_modules/npm/node_modules/fstream/lib/dir-writer.js:36:23',
82 error      '/usr/local/lib/node_modules/npm/node_modules/mkdirp/index.js:37:53',
82 error      'Object.oncomplete (fs.js:107:15)' ] }
83 error Please try running this command again as root/Administrator.
84 error System Darwin 13.1.0
85 error command "node" "/usr/local/bin/npm" "install" "-g" "ios-sim"
86 error cwd /Applications/MAMP/htdocs/iesa
87 error node -v v0.10.27
88 error npm -v 1.4.8
89 error path /usr/local/lib/node_modules/ios-sim
90 error fstream_path /usr/local/lib/node_modules/ios-sim
91 error fstream_type Directory
92 error fstream_class DirWriter
93 error code EACCES
94 error errno 3
95 error stack Error: EACCES, mkdir '/usr/local/lib/node_modules/ios-sim'
96 error fstream_stack /usr/local/lib/node_modules/npm/node_modules/fstream/lib/dir-writer.js:36:23
96 error fstream_stack /usr/local/lib/node_modules/npm/node_modules/mkdirp/index.js:37:53
96 error fstream_stack Object.oncomplete (fs.js:107:15)
97 verbose exit [ 3, true ]
